{"name": "test_get_artist", "status": "failed", "statusDetails": {"message": "AssertionError: FAILURE: \u001b[31mNone\napi-tests\\test_api_status.py:41 in test_get_artist() -> with check.raises(AssertionError):\n\u001b[0m\nFAILURE: \u001b[31mNone\u001b[0m\nFAILURE: \u001b[31mNone\u001b[0m\n------------------------------------------------------------\nFailed Checks: 3", "trace": "FAILURE: \u001b[31mNone\napi-tests\\test_api_status.py:41 in test_get_artist() -> with check.raises(AssertionError):\n\u001b[0m\nFAILURE: \u001b[31mNone\u001b[0m\nFAILURE: \u001b[31mNone\u001b[0m\n------------------------------------------------------------\nFailed Checks: 3"}, "attachments": [{"name": "stdout", "source": "32e39fd8-2c26-4fbe-ad33-e0a3fd8b7c24-attachment.txt", "type": "text/plain"}], "start": 1681896829039, "stop": 1681896829795, "uuid": "c8936697-a842-40ec-904b-1f298e35243b", "historyId": "65f56b2fad2e75715feaf2aaeb50a76c", "testCaseId": "d6011303fcb1d8575cca171670fefb6f", "fullName": "api-tests.test_api_status.TestOrfium#test_get_artist", "labels": [{"name": "parentSuite", "value": "api-tests"}, {"name": "suite", "value": "test_api_status"}, {"name": "subSuite", "value": "TestOrfium"}, {"name": "host", "value": "N-20N3PF141YQ9"}, {"name": "thread", "value": "38768-MainThread"}, {"name": "framework", "value": "pytest"}, {"name": "language", "value": "cpython3"}, {"name": "package", "value": "api-tests.test_api_status"}]}