{"name": "test_get_artist", "status": "failed", "statusDetails": {"message": "AssertionError: FAILURE: \u001b[31mNone\napi-tests\\test_api_status.py:41 in test_get_artist() -> with check.raises(AssertionError):\n\u001b[0m\nFAILURE: \u001b[31mNone\u001b[0m\nFAILURE: \u001b[31mNone\u001b[0m\n------------------------------------------------------------\nFailed Checks: 3", "trace": "FAILURE: \u001b[31mNone\napi-tests\\test_api_status.py:41 in test_get_artist() -> with check.raises(AssertionError):\n\u001b[0m\nFAILURE: \u001b[31mNone\u001b[0m\nFAILURE: \u001b[31mNone\u001b[0m\n------------------------------------------------------------\nFailed Checks: 3"}, "start": 1681896931536, "stop": 1681896932326, "uuid": "a801186f-c6e8-4758-bee0-a420337d79d5", "historyId": "65f56b2fad2e75715feaf2aaeb50a76c", "testCaseId": "d6011303fcb1d8575cca171670fefb6f", "fullName": "api-tests.test_api_status.TestOrfium#test_get_artist", "labels": [{"name": "parentSuite", "value": "api-tests"}, {"name": "suite", "value": "test_api_status"}, {"name": "subSuite", "value": "TestOrfium"}, {"name": "host", "value": "N-20N3PF141YQ9"}, {"name": "thread", "value": "26628-MainThread"}, {"name": "framework", "value": "pytest"}, {"name": "language", "value": "cpython3"}, {"name": "package", "value": "api-tests.test_api_status"}]}